{"logTime": "0703/171619", "correlationVector":"S9S9AYUPFOQG1wKOAt/rH5.1","action":"SyncServerConnectionManagerRequest", "result":"SYNC_SERVER_OK", "context":{"environment":"Prod_SoutheastAsia_000j", "migrationStage":"NotStarted", "server":"GENERAL0300001N"}}
{"logTime": "0703/171619", "correlationVector":"OgZFk4gbCZB05ERrbovcl1","action":"SyncServerConnectionManagerRequest", "result":"SYNC_SERVER_OK", "context":{"environment":"", "migrationStage":"", "server":""}}
{"logTime": "0703/171619", "correlationVector":"S9S9AYUPFOQG1wKOAt/rH5","action":"Initial GetUpdates", "result":"", "context":Reason: NEW_CLIENT. cV=S9S9AYUPFOQG1wKOAt/rH5}
{"logTime": "0703/171619", "correlationVector":"S9S9AYUPFOQG1wKOAt/rH5.2","action":"GetUpdates Response", "result":"Success", "context":Received 1 update(s). cV=S9S9AYUPFOQG1wKOAt/rH5.0;server=GENERAL0300001N;cloudType=Consumer;environment=Prod_SoutheastAsia_000j;migrationStage=NotStarted}
{"logTime": "0703/171619", "correlationVector":"MyBF06FgQtYTpuqvpTc+wD","action":"Initial GetUpdates", "result":"", "context":Reason: NEWLY_SUPPORTED_DATATYPE. cV=MyBF06FgQtYTpuqvpTc+wD}
{"logTime": "0703/171619", "correlationVector":"MyBF06FgQtYTpuqvpTc+wD.1","action":"SyncServerConnectionManagerRequest", "result":"SYNC_SERVER_OK", "context":{"environment":"Prod_SoutheastAsia_000j", "migrationStage":"NotStarted", "server":"GENERAL0300001U"}}
{"logTime": "0703/171619", "correlationVector":"MyBF06FgQtYTpuqvpTc+wD.2","action":"GetUpdates Response", "result":"Success", "context":Received 14 update(s). cV=MyBF06FgQtYTpuqvpTc+wD.0;server=GENERAL0300001U;cloudType=Consumer;environment=Prod_SoutheastAsia_000j;migrationStage=NotStarted}
{"logTime": "0703/171619", "correlationVector":"0Lj7psnm4BrZ5LQzSwlrkI","action":"Normal GetUpdate request", "result":"", "context":cV=0Lj7psnm4BrZ5LQzSwlrkI
Nudged types: Device Info, User Consents
Refresh requested types: Device Info, User Consents, Send Tab To Self, Encryption Keys}
{"logTime": "0703/171619", "correlationVector":"0Lj7psnm4BrZ5LQzSwlrkI.1","action":"SyncServerConnectionManagerRequest", "result":"SYNC_SERVER_OK", "context":{"environment":"Prod_SoutheastAsia_000j", "migrationStage":"NotStarted", "server":"GENERAL01000007"}}
{"logTime": "0703/171619", "correlationVector":"0Lj7psnm4BrZ5LQzSwlrkI.2","action":"GetUpdates Response", "result":"Success", "context":Received 0 update(s). cV=0Lj7psnm4BrZ5LQzSwlrkI.0;server=GENERAL01000007;cloudType=Consumer;environment=Prod_SoutheastAsia_000j;migrationStage=NotStarted}
{"logTime": "0703/171619", "correlationVector":"FE8mfFAb7kgkawDSUajtin","action":"DoCompareDataConsistency requsted types: ", "result":"Send Tab To Self, Encryption Keys"}
{"logTime": "0703/171619", "correlationVector":"FE8mfFAb7kgkawDSUajtin.0","action":"CompareDataConsistency result: ", "result":"Compare result: Encryption Keys is consistent. local entities count is: 1 local entities hash is: H4fZsoRjm4dRf98kU73D7NPBJD4="}
{"logTime": "0703/171619", "correlationVector":"FE8mfFAb7kgkawDSUajtin.1","action":"CompareDataConsistency result: ", "result":"Server did not send this Send Tab To Self local entities count is: 0 local entities hash is: "}
{"logTime": "0703/171619", "correlationVector":"+SRVh6+nI9HM58vBjWMOra","action":"Commit Request", "result":"", "context":Item count: 2
Contributing types: Device Info, User Consents}
{"logTime": "0703/171619", "correlationVector":"+SRVh6+nI9HM58vBjWMOra.1","action":"SyncServerConnectionManagerRequest", "result":"SYNC_SERVER_OK", "context":{"environment":"Prod_SoutheastAsia_000j", "migrationStage":"NotStarted", "server":"GENERAL0300000I"}}
{"logTime": "0703/171619", "correlationVector":"+SRVh6+nI9HM58vBjWMOra.2","action":"Commit Response", "result":"Success", "context":Result: Success. cV=+SRVh6+nI9HM58vBjWMOra.0;server=GENERAL0300000I;cloudType=Consumer;environment=Prod_SoutheastAsia_000j;migrationStage=NotStarted}
{"logTime": "0703/171619", "correlationVector":"","action":"DIAGNOSTIC_REQUEST|v1/diagnosticData/Diagnostic.SendCheckResult()|SUCCESS", "result":""}
{"logTime": "0703/171619", "correlationVector":"","action":"SyncDiagnosticRequest::ProcessDiagnosticResponse", "result":"DIAGNOSTIC_REQUEST|v1/diagnosticData/Diagnostic.SendCheckResult()|SUCCESS"}
{"logTime": "0703/171619", "correlationVector":"OBed3r64ia13dPeJOtMhBw","action":"Normal GetUpdate request", "result":"", "context":cV=OBed3r64ia13dPeJOtMhBw
Nudged types: Device Info}
{"logTime": "0703/171619", "correlationVector":"OBed3r64ia13dPeJOtMhBw.1","action":"SyncServerConnectionManagerRequest", "result":"SYNC_SERVER_OK", "context":{"environment":"Prod_SoutheastAsia_000j", "migrationStage":"NotStarted", "server":"GENERAL01000019"}}
{"logTime": "0703/171619", "correlationVector":"OBed3r64ia13dPeJOtMhBw.2","action":"GetUpdates Response", "result":"Success", "context":Received 1 update(s). cV=OBed3r64ia13dPeJOtMhBw.0;server=GENERAL01000019;cloudType=Consumer;environment=Prod_SoutheastAsia_000j;migrationStage=NotStarted}
{"logTime": "0703/173937", "correlationVector":"8PlvbmAgGrNKk8ppWr1kxx.1","action":"SyncServerConnectionManagerRequest", "result":"SYNC_SERVER_OK", "context":{"environment":"Prod_SoutheastAsia_000j", "migrationStage":"NotStarted", "server":"GENERAL0100000E"}}
{"logTime": "0703/173937", "correlationVector":"KehqJGW0WXDZEEmOVX9ees","action":"SyncServerConnectionManagerRequest", "result":"SYNC_SERVER_OK", "context":{"environment":"", "migrationStage":"", "server":""}}
{"logTime": "0703/173937", "correlationVector":"8PlvbmAgGrNKk8ppWr1kxx","action":"Initial GetUpdates", "result":"", "context":Reason: NEW_CLIENT. cV=8PlvbmAgGrNKk8ppWr1kxx}
{"logTime": "0703/173937", "correlationVector":"8PlvbmAgGrNKk8ppWr1kxx.2","action":"GetUpdates Response", "result":"Success", "context":Received 1 update(s). cV=8PlvbmAgGrNKk8ppWr1kxx.0;server=GENERAL0100000E;cloudType=Consumer;environment=Prod_SoutheastAsia_000j;migrationStage=NotStarted}
{"logTime": "0703/173937", "correlationVector":"RcwWLEnBUAk+4frWBjYSo1","action":"Normal GetUpdate request", "result":"", "context":cV=RcwWLEnBUAk+4frWBjYSo1
Refresh requested types: Device Info, User Consents, Send Tab To Self, Encryption Keys}
{"logTime": "0703/173937", "correlationVector":"RcwWLEnBUAk+4frWBjYSo1.1","action":"SyncServerConnectionManagerRequest", "result":"SYNC_SERVER_OK", "context":{"environment":"Prod_SoutheastAsia_000j", "migrationStage":"NotStarted", "server":"GENERAL0300000Q"}}
{"logTime": "0703/173937", "correlationVector":"RcwWLEnBUAk+4frWBjYSo1.2","action":"GetUpdates Response", "result":"Success", "context":Received 0 update(s). cV=RcwWLEnBUAk+4frWBjYSo1.0;server=GENERAL0300000Q;cloudType=Consumer;environment=Prod_SoutheastAsia_000j;migrationStage=NotStarted}
{"logTime": "0703/184632", "correlationVector":"kaw9ZHojhpAciev6Q2/JCR.1","action":"SyncServerConnectionManagerRequest", "result":"SYNC_SERVER_OK", "context":{"environment":"Prod_SoutheastAsia_000j", "migrationStage":"NotStarted", "server":"GENERAL0300000I"}}
{"logTime": "0703/184632", "correlationVector":"tQUbBu/PQzFfjbtaYbj6Pi","action":"SyncServerConnectionManagerRequest", "result":"SYNC_SERVER_OK", "context":{"environment":"", "migrationStage":"", "server":""}}
{"logTime": "0703/184632", "correlationVector":"kaw9ZHojhpAciev6Q2/JCR","action":"Initial GetUpdates", "result":"", "context":Reason: NEW_CLIENT. cV=kaw9ZHojhpAciev6Q2/JCR}
{"logTime": "0703/184632", "correlationVector":"kaw9ZHojhpAciev6Q2/JCR.2","action":"GetUpdates Response", "result":"Success", "context":Received 1 update(s). cV=kaw9ZHojhpAciev6Q2/JCR.0;server=GENERAL0300000I;cloudType=Consumer;environment=Prod_SoutheastAsia_000j;migrationStage=NotStarted}
{"logTime": "0703/184632", "correlationVector":"wLjjp0j/TZjAwhrNsmOuaG","action":"Normal GetUpdate request", "result":"", "context":cV=wLjjp0j/TZjAwhrNsmOuaG
Nudged types: Device Info
Refresh requested types: Device Info, User Consents, Send Tab To Self, Encryption Keys}
{"logTime": "0703/184632", "correlationVector":"wLjjp0j/TZjAwhrNsmOuaG.1","action":"SyncServerConnectionManagerRequest", "result":"SYNC_SERVER_OK", "context":{"environment":"Prod_SoutheastAsia_000j", "migrationStage":"NotStarted", "server":"GENERAL01000006"}}
{"logTime": "0703/184632", "correlationVector":"wLjjp0j/TZjAwhrNsmOuaG.2","action":"GetUpdates Response", "result":"Success", "context":Received 1 update(s). cV=wLjjp0j/TZjAwhrNsmOuaG.0;server=GENERAL01000006;cloudType=Consumer;environment=Prod_SoutheastAsia_000j;migrationStage=NotStarted}
{"logTime": "0703/184632", "correlationVector":"eBJU4T3Oa0lcya0HdrWjwT","action":"Commit Request", "result":"", "context":Item count: 1
Contributing types: Device Info}
{"logTime": "0703/184632", "correlationVector":"eBJU4T3Oa0lcya0HdrWjwT.1","action":"SyncServerConnectionManagerRequest", "result":"SYNC_SERVER_OK", "context":{"environment":"Prod_SoutheastAsia_000j", "migrationStage":"NotStarted", "server":"GENERAL01000007"}}
{"logTime": "0703/184632", "correlationVector":"eBJU4T3Oa0lcya0HdrWjwT.2","action":"Commit Response", "result":"Success", "context":Result: Success. cV=eBJU4T3Oa0lcya0HdrWjwT.0;server=GENERAL01000007;cloudType=Consumer;environment=Prod_SoutheastAsia_000j;migrationStage=NotStarted}
{"logTime": "0703/184632", "correlationVector":"yrh5r33LiMyp4GeiVGrGQv","action":"Normal GetUpdate request", "result":"", "context":cV=yrh5r33LiMyp4GeiVGrGQv
Nudged types: Device Info}
{"logTime": "0703/184632", "correlationVector":"yrh5r33LiMyp4GeiVGrGQv.1","action":"SyncServerConnectionManagerRequest", "result":"SYNC_SERVER_OK", "context":{"environment":"Prod_SoutheastAsia_000j", "migrationStage":"NotStarted", "server":"GENERAL0300001N"}}
{"logTime": "0703/184632", "correlationVector":"yrh5r33LiMyp4GeiVGrGQv.2","action":"GetUpdates Response", "result":"Success", "context":Received 1 update(s). cV=yrh5r33LiMyp4GeiVGrGQv.0;server=GENERAL0300001N;cloudType=Consumer;environment=Prod_SoutheastAsia_000j;migrationStage=NotStarted}
{"logTime": "0704/092153", "correlationVector":"cTqRsHClbtzmYITIbYVfy6.1","action":"SyncServerConnectionManagerRequest", "result":"SYNC_SERVER_OK", "context":{"environment":"Prod_SoutheastAsia_000j", "migrationStage":"NotStarted", "server":"GENERAL03000026"}}
{"logTime": "0704/092154", "correlationVector":"GRGTb7FJPF5J8qiY2nQtVV","action":"SyncServerConnectionManagerRequest", "result":"SYNC_SERVER_OK", "context":{"environment":"", "migrationStage":"", "server":""}}
{"logTime": "0704/092154", "correlationVector":"cTqRsHClbtzmYITIbYVfy6","action":"Initial GetUpdates", "result":"", "context":Reason: NEW_CLIENT. cV=cTqRsHClbtzmYITIbYVfy6}
{"logTime": "0704/092154", "correlationVector":"cTqRsHClbtzmYITIbYVfy6.2","action":"GetUpdates Response", "result":"Success", "context":Received 1 update(s). cV=cTqRsHClbtzmYITIbYVfy6.0;server=GENERAL03000026;cloudType=Consumer;environment=Prod_SoutheastAsia_000j;migrationStage=NotStarted}
{"logTime": "0704/092154", "correlationVector":"vbY9Eas+41oRFI/wJsX6CS","action":"Normal GetUpdate request", "result":"", "context":cV=vbY9Eas+41oRFI/wJsX6CS
Refresh requested types: Device Info, User Consents, Send Tab To Self, Encryption Keys}
{"logTime": "0704/092154", "correlationVector":"vbY9Eas+41oRFI/wJsX6CS.1","action":"SyncServerConnectionManagerRequest", "result":"SYNC_SERVER_OK", "context":{"environment":"Prod_SoutheastAsia_000j", "migrationStage":"NotStarted", "server":"GENERAL03000025"}}
{"logTime": "0704/092154", "correlationVector":"vbY9Eas+41oRFI/wJsX6CS.2","action":"GetUpdates Response", "result":"Success", "context":Received 0 update(s). cV=vbY9Eas+41oRFI/wJsX6CS.0;server=GENERAL03000025;cloudType=Consumer;environment=Prod_SoutheastAsia_000j;migrationStage=NotStarted}
{"logTime": "0704/092154", "correlationVector":"s+G3HMS6WbsynLF79dAC1e","action":"Poll GetUpdate request", "result":"", "context":cV=s+G3HMS6WbsynLF79dAC1e}
{"logTime": "0704/092154", "correlationVector":"s+G3HMS6WbsynLF79dAC1e.1","action":"SyncServerConnectionManagerRequest", "result":"SYNC_SERVER_OK", "context":{"environment":"Prod_SoutheastAsia_000j", "migrationStage":"NotStarted", "server":"GENERAL01000004"}}
{"logTime": "0704/092154", "correlationVector":"s+G3HMS6WbsynLF79dAC1e.2","action":"GetUpdates Response", "result":"Success", "context":Received 0 update(s). cV=s+G3HMS6WbsynLF79dAC1e.0;server=GENERAL01000004;cloudType=Consumer;environment=Prod_SoutheastAsia_000j;migrationStage=NotStarted}
